# JRE version: OpenJDK Runtime Environment (11.0.10) (build 11.0.10+0-b96-7249189)
# Java VM: OpenJDK 64-Bit Server VM (11.0.10+0-b96-7249189, mixed mode, tiered, compressed oops, g1 gc, windows-amd64)
Heap:
 garbage-first heap   total 312320K, used 33331K [0x0000000703600000, 0x0000000800000000)
  region size 1024K, 9 young (9216K), 9 survivors (9216K)
 Metaspace       used 45983K, capacity 46523K, committed 46848K, reserved 1091584K
  class space    used 5373K, capacity 5580K, committed 5632K, reserved 1048576K
GC Heap History (9 events):
Event: 0.427 GC heap before
{Heap before GC invocations=0 (full 0):
 garbage-first heap   total 260096K, used 27648K [0x0000000703600000, 0x0000000800000000)
  region size 1024K, 24 young (24576K), 0 survivors (0K)
 Metaspace       used 12253K, capacity 12341K, committed 12544K, reserved 1060864K
  class space    used 1147K, capacity 1174K, committed 1280K, reserved 1048576K
}
Event: 0.430 GC heap after
{Heap after GC invocations=1 (full 0):
 garbage-first heap   total 260096K, used 5953K [0x0000000703600000, 0x0000000800000000)
  region size 1024K, 3 young (3072K), 3 survivors (3072K)
 Metaspace       used 12253K, capacity 12341K, committed 12544K, reserved 1060864K
  class space    used 1147K, capacity 1174K, committed 1280K, reserved 1048576K
}
Event: 0.962 GC heap before
{Heap before GC invocations=1 (full 0):
 garbage-first heap   total 260096K, used 51009K [0x0000000703600000, 0x0000000800000000)
  region size 1024K, 43 young (44032K), 3 survivors (3072K)
 Metaspace       used 20947K, capacity 21168K, committed 21248K, reserved 1069056K
  class space    used 2204K, capacity 2282K, committed 2304K, reserved 1048576K
}
Event: 0.970 GC heap after
{Heap after GC invocations=2 (full 0):
 garbage-first heap   total 260096K, used 10028K [0x0000000703600000, 0x0000000800000000)
  region size 1024K, 7 young (7168K), 7 survivors (7168K)
 Metaspace       used 20947K, capacity 21168K, committed 21248K, reserved 1069056K
  class space    used 2204K, capacity 2282K, committed 2304K, reserved 1048576K
}
Event: 1.843 GC heap before
{Heap before GC invocations=3 (full 0):
 garbage-first heap   total 260096K, used 68396K [0x0000000703600000, 0x0000000800000000)
  region size 1024K, 56 young (57344K), 7 survivors (7168K)
 Metaspace       used 31106K, capacity 31547K, committed 31872K, reserved 1077248K
  class space    used 3660K, capacity 3863K, committed 3968K, reserved 1048576K
}
Event: 1.853 GC heap after
{Heap after GC invocations=4 (full 0):
 garbage-first heap   total 260096K, used 25044K [0x0000000703600000, 0x0000000800000000)
  region size 1024K, 7 young (7168K), 7 survivors (7168K)
 Metaspace       used 31106K, capacity 31547K, committed 31872K, reserved 1077248K
  class space    used 3660K, capacity 3863K, committed 3968K, reserved 1048576K
}
Event: 2.331 GC heap before
{Heap before GC invocations=4 (full 0):
 garbage-first heap   total 260096K, used 51668K [0x0000000703600000, 0x0000000800000000)
  region size 1024K, 30 young (30720K), 7 survivors (7168K)
 Metaspace       used 35278K, capacity 35762K, committed 35840K, reserved 1081344K
  class space    used 4326K, capacity 4542K, committed 4608K, reserved 1048576K
}
Event: 2.337 GC heap after
{Heap after GC invocations=5 (full 0):
 garbage-first heap   total 260096K, used 25063K [0x0000000703600000, 0x0000000800000000)
  region size 1024K, 3 young (3072K), 3 survivors (3072K)
 Metaspace       used 35278K, capacity 35762K, committed 35840K, reserved 1081344K
  class space    used 4326K, capacity 4542K, committed 4608K, reserved 1048576K
}
Event: 4.394 GC heap before
{Heap before GC invocations=6 (full 0):
 garbage-first heap   total 260096K, used 89575K [0x0000000703600000, 0x0000000800000000)
  region size 1024K, 65 young (66560K), 3 survivors (3072K)
 Metaspace       used 45983K, capacity 46523K, committed 46848K, reserved 1091584K
  class space    used 5373K, capacity 5580K, committed 5632K, reserved 1048576K
}

